<?xml version="1.0" encoding="UTF-8"?>
<!-- Generated by org.testng.reporters.JUnitReportReporter -->
<testsuite hostname="Jude-Tacwel" failures="0" tests="1" name="com.naveenAutomation.FrameworkDemo.MyWishListTest" time="12.219" errors="0" timestamp="2023-07-17T19:23:54 EDT" skipped="0">
  <testcase classname="com.naveenAutomation.FrameworkDemo.MyWishListTest" name="clickOnMonitors" time="12.219"/>
  <system-out/>
</testsuite> <!-- com.naveenAutomation.FrameworkDemo.MyWishListTest -->
