<?xml version="1.0" encoding="UTF-8"?>
<!-- Generated by org.testng.reporters.JUnitReportReporter -->
<testsuite hostname="Jude-Tacwel" failures="0" tests="1" name="com.naveenAutomation.FrameworkDemo.AccountLoginTest" time="11.461" errors="0" timestamp="2023-07-12T17:54:24 EDT" skipped="0">
  <testcase classname="com.naveenAutomation.FrameworkDemo.AccountLoginTest" name="validateLoginUsingValidCredentials" time="11.461"/>
  <system-out/>
</testsuite> <!-- com.naveenAutomation.FrameworkDemo.AccountLoginTest -->
