<?xml version="1.0" encoding="UTF-8"?>
<!-- Generated by org.testng.reporters.JUnitReportReporter -->
<testsuite hostname="Jude-Tacwel" failures="0" tests="1" name="com.naveenAutomation.FrameworkDemo.AccountLoginTest" time="7.044" errors="0" timestamp="2023-07-11T16:17:47 EDT" skipped="0">
  <testcase classname="com.naveenAutomation.FrameworkDemo.AccountLoginTest" name="validateLoginUsingValidCredentials" time="7.044"/>
  <system-out/>
</testsuite> <!-- com.naveenAutomation.FrameworkDemo.AccountLoginTest -->
