<?xml version="1.0" encoding="UTF-8"?>
<!-- Generated by org.testng.reporters.JUnitReportReporter -->
<testsuite hostname="Jude-Tacwel" failures="0" tests="1" name="com.naveenAutomation.FrameworkDemo.YourStoreTest" time="7.451" errors="0" timestamp="2023-07-17T15:44:27 EDT" skipped="0">
  <testcase classname="com.naveenAutomation.FrameworkDemo.YourStoreTest" name="ValidateLogin" time="7.451"/>
  <system-out/>
</testsuite> <!-- com.naveenAutomation.FrameworkDemo.YourStoreTest -->
