<?xml version="1.0" encoding="UTF-8"?>
<!-- Generated by org.testng.reporters.JUnitReportReporter -->
<testsuite hostname="Jude-Tacwel" failures="0" tests="2" name="com.naveenAutomation.FrameworkDemo.AccountLoginTest" time="18.426" errors="0" timestamp="2023-07-12T18:30:03 EDT" skipped="0">
  <testcase classname="com.naveenAutomation.FrameworkDemo.AccountLoginTest" name="validateLoginUsingValidCredentials" time="9.243"/>
  <system-out/>
  <testcase classname="com.naveenAutomation.FrameworkDemo.AccountLoginTest" name="validateLoginUsingInvalidVredentials" time="9.183"/>
  <system-out/>
</testsuite> <!-- com.naveenAutomation.FrameworkDemo.AccountLoginTest -->
