<?xml version="1.0" encoding="UTF-8"?>
<!-- Generated by org.testng.reporters.JUnitReportReporter -->
<testsuite hostname="Jude-Tacwel" failures="0" tests="2" name="com.naveenAutomation.FrameworkDemo.AccountLoginTest" time="16.074" errors="0" timestamp="2023-07-11T17:11:42 EDT" skipped="0">
  <testcase classname="com.naveenAutomation.FrameworkDemo.AccountLoginTest" name="validateLoginUsingInvalidVredentials" time="8.817"/>
  <system-out/>
  <testcase classname="com.naveenAutomation.FrameworkDemo.AccountLoginTest" name="validateLoginUsingValidCredentials" time="7.257"/>
  <system-out/>
</testsuite> <!-- com.naveenAutomation.FrameworkDemo.AccountLoginTest -->
